2024-02-16 17:51:27:974  [TID 7560    ][INFO      ] Default Logger initialized [dmvcframework]
2024-02-16 17:51:27:974  [TID 7560    ][WARNING   ] dotEnv: Path = C:\Users\amanc\OneDrive\Documentos\Projetos Delphi\API MVC\Aula03\Project\Win32\Debug [dmvcframework]
2024-02-16 17:51:27:974  [TID 7560    ][WARNING   ] dotEnv: Active profile/s priority = [default,test,prod] [dmvcframework]
2024-02-16 17:51:27:974  [TID 7560    ][WARNING   ] dotEnv: Missed dotEnv file C:\Users\amanc\OneDrive\Documentos\Projetos Delphi\API MVC\Aula03\Project\Win32\Debug\.env [dmvcframework]
2024-02-16 17:51:27:974  [TID 7560    ][WARNING   ] dotEnv: Missed dotEnv file C:\Users\amanc\OneDrive\Documentos\Projetos Delphi\API MVC\Aula03\Project\Win32\Debug\.env.test [dmvcframework]
2024-02-16 17:51:27:975  [TID 7560    ][WARNING   ] dotEnv: Missed dotEnv file C:\Users\amanc\OneDrive\Documentos\Projetos Delphi\API MVC\Aula03\Project\Win32\Debug\.env.prod [dmvcframework]
2024-02-16 17:52:02:264  [TID 10708   ][INFO      ] ENTER: Config default values [dmvcframework]
2024-02-16 17:52:02:264  [TID 10708   ][INFO      ] EXIT: Config default values [dmvcframework]
2024-02-16 17:52:02:264  [TID 10708   ][INFO      ] >> Custom configuration method [dmvcframework]
2024-02-16 17:52:02:264  [TID 10708   ][INFO      ] << Custom configuration method [dmvcframework]
2024-02-16 17:52:02:264  [TID 10708   ][INFO      ] ENTER: LoadSystemControllers [dmvcframework]
2024-02-16 17:52:02:264  [TID 10708   ][INFO      ] EXIT: LoadSystemControllers [dmvcframework]
2024-02-16 17:52:02:267  [TID 10708   ][INFO      ] GET:/api/customers [127.0.0.1] -> controller.customer.Tcustomer.GetCustomers - 200 OK [dmvcframework]
2024-02-16 17:52:17:930  [TID 12832   ][INFO      ] GET:/api/customers [0:0:0:0:0:0:0:1] -> controller.customer.Tcustomer.GetCustomers - 200 OK [dmvcframework]
2024-02-16 18:39:39:543  [TID 16248   ][INFO      ] Default Logger initialized [dmvcframework]
2024-02-16 18:39:39:544  [TID 16248   ][WARNING   ] dotEnv: Path = C:\Users\amanc\OneDrive\Documentos\Projetos Delphi\API MVC\Aula03\Project\Win32\Debug [dmvcframework]
2024-02-16 18:39:39:544  [TID 16248   ][WARNING   ] dotEnv: Active profile/s priority = [default,test,prod] [dmvcframework]
2024-02-16 18:39:39:544  [TID 16248   ][WARNING   ] dotEnv: Missed dotEnv file C:\Users\amanc\OneDrive\Documentos\Projetos Delphi\API MVC\Aula03\Project\Win32\Debug\.env [dmvcframework]
2024-02-16 18:39:39:544  [TID 16248   ][WARNING   ] dotEnv: Missed dotEnv file C:\Users\amanc\OneDrive\Documentos\Projetos Delphi\API MVC\Aula03\Project\Win32\Debug\.env.test [dmvcframework]
2024-02-16 18:39:39:545  [TID 16248   ][WARNING   ] dotEnv: Missed dotEnv file C:\Users\amanc\OneDrive\Documentos\Projetos Delphi\API MVC\Aula03\Project\Win32\Debug\.env.prod [dmvcframework]
2024-02-16 18:40:26:840  [TID 14364   ][INFO      ] ENTER: Config default values [dmvcframework]
2024-02-16 18:40:26:840  [TID 14364   ][INFO      ] EXIT: Config default values [dmvcframework]
2024-02-16 18:40:26:840  [TID 14364   ][INFO      ] >> Custom configuration method [dmvcframework]
2024-02-16 18:40:26:840  [TID 14364   ][INFO      ] << Custom configuration method [dmvcframework]
2024-02-16 18:40:26:840  [TID 14364   ][INFO      ] ENTER: LoadSystemControllers [dmvcframework]
2024-02-16 18:40:26:842  [TID 14364   ][INFO      ] EXIT: LoadSystemControllers [dmvcframework]
2024-02-16 18:40:26:845  [TID 14364   ][INFO      ] GET:/api/customers [0:0:0:0:0:0:0:1] -> controller.customer.Tcustomer.GetCustomers - 200 OK [dmvcframework]
2024-02-16 18:40:29:561  [TID 14364   ][INFO      ] GET:/api/customers [0:0:0:0:0:0:0:1] -> controller.customer.Tcustomer.GetCustomers - 200 OK [dmvcframework]
2024-02-16 18:40:32:127  [TID 14364   ][INFO      ] GET:/api/customers [0:0:0:0:0:0:0:1] -> controller.customer.Tcustomer.GetCustomers - 200 OK [dmvcframework]
2024-02-16 18:40:33:828  [TID 14364   ][INFO      ] GET:/api/customers [0:0:0:0:0:0:0:1] -> controller.customer.Tcustomer.GetCustomers - 200 OK [dmvcframework]
2024-02-16 18:41:36:472  [TID 12248   ][INFO      ] Default Logger initialized [dmvcframework]
2024-02-16 18:41:36:472  [TID 12248   ][WARNING   ] dotEnv: Path = C:\Users\amanc\OneDrive\Documentos\Projetos Delphi\API MVC\Aula03\Project\Win32\Debug [dmvcframework]
2024-02-16 18:41:36:472  [TID 12248   ][WARNING   ] dotEnv: Active profile/s priority = [default,test,prod] [dmvcframework]
2024-02-16 18:41:36:472  [TID 12248   ][WARNING   ] dotEnv: Missed dotEnv file C:\Users\amanc\OneDrive\Documentos\Projetos Delphi\API MVC\Aula03\Project\Win32\Debug\.env [dmvcframework]
2024-02-16 18:41:36:472  [TID 12248   ][WARNING   ] dotEnv: Missed dotEnv file C:\Users\amanc\OneDrive\Documentos\Projetos Delphi\API MVC\Aula03\Project\Win32\Debug\.env.test [dmvcframework]
2024-02-16 18:41:36:472  [TID 12248   ][WARNING   ] dotEnv: Missed dotEnv file C:\Users\amanc\OneDrive\Documentos\Projetos Delphi\API MVC\Aula03\Project\Win32\Debug\.env.prod [dmvcframework]
2024-02-16 18:41:44:910  [TID 3308    ][INFO      ] ENTER: Config default values [dmvcframework]
2024-02-16 18:41:44:910  [TID 3308    ][INFO      ] EXIT: Config default values [dmvcframework]
2024-02-16 18:41:44:910  [TID 3308    ][INFO      ] >> Custom configuration method [dmvcframework]
2024-02-16 18:41:44:910  [TID 3308    ][INFO      ] << Custom configuration method [dmvcframework]
2024-02-16 18:41:44:910  [TID 3308    ][INFO      ] ENTER: LoadSystemControllers [dmvcframework]
2024-02-16 18:41:44:910  [TID 3308    ][INFO      ] EXIT: LoadSystemControllers [dmvcframework]
2024-02-16 18:41:44:914  [TID 3308    ][INFO      ] GET:/api/customers [0:0:0:0:0:0:0:1] -> controller.customer.Tcustomer.GetCustomers - 200 OK [dmvcframework]
2024-02-16 18:45:53:659  [TID 3308    ][INFO      ] GET:/api/customers [0:0:0:0:0:0:0:1] -> controller.customer.Tcustomer.GetCustomers - 200 OK [dmvcframework]
2024-02-16 21:45:27:525  [TID 7416    ][INFO      ] Default Logger initialized [dmvcframework]
2024-02-16 21:45:27:525  [TID 7416    ][WARNING   ] dotEnv: Path = C:\Users\amanc\OneDrive\Documentos\Projetos Delphi\API MVC\Aula03\Project\Win32\Debug [dmvcframework]
2024-02-16 21:45:27:525  [TID 7416    ][WARNING   ] dotEnv: Active profile/s priority = [default,test,prod] [dmvcframework]
2024-02-16 21:45:27:525  [TID 7416    ][WARNING   ] dotEnv: Missed dotEnv file C:\Users\amanc\OneDrive\Documentos\Projetos Delphi\API MVC\Aula03\Project\Win32\Debug\.env [dmvcframework]
2024-02-16 21:45:27:525  [TID 7416    ][WARNING   ] dotEnv: Missed dotEnv file C:\Users\amanc\OneDrive\Documentos\Projetos Delphi\API MVC\Aula03\Project\Win32\Debug\.env.test [dmvcframework]
2024-02-16 21:45:27:525  [TID 7416    ][WARNING   ] dotEnv: Missed dotEnv file C:\Users\amanc\OneDrive\Documentos\Projetos Delphi\API MVC\Aula03\Project\Win32\Debug\.env.prod [dmvcframework]
2024-02-16 21:45:34:550  [TID 7184    ][INFO      ] ENTER: Config default values [dmvcframework]
2024-02-16 21:45:34:552  [TID 7184    ][INFO      ] EXIT: Config default values [dmvcframework]
2024-02-16 21:45:34:552  [TID 7184    ][INFO      ] >> Custom configuration method [dmvcframework]
2024-02-16 21:45:34:552  [TID 7184    ][INFO      ] << Custom configuration method [dmvcframework]
2024-02-16 21:45:34:552  [TID 7184    ][INFO      ] ENTER: LoadSystemControllers [dmvcframework]
2024-02-16 21:45:34:552  [TID 7184    ][INFO      ] EXIT: LoadSystemControllers [dmvcframework]
2024-02-16 21:45:34:557  [TID 7184    ][INFO      ] GET:/api/customers [0:0:0:0:0:0:0:1] -> controller.customer.Tcustomer.GetCustomers - 200 OK [dmvcframework]
2024-02-17 00:04:16:013  [TID 2076    ][INFO      ] Default Logger initialized [dmvcframework]
2024-02-17 00:04:16:013  [TID 2076    ][WARNING   ] dotEnv: Path = C:\Users\amanc\OneDrive\Documentos\Projetos Delphi\API MVC\Aula03\Project\Win32\Debug [dmvcframework]
2024-02-17 00:04:16:013  [TID 2076    ][WARNING   ] dotEnv: Active profile/s priority = [default,test,prod] [dmvcframework]
2024-02-17 00:04:16:013  [TID 2076    ][WARNING   ] dotEnv: Missed dotEnv file C:\Users\amanc\OneDrive\Documentos\Projetos Delphi\API MVC\Aula03\Project\Win32\Debug\.env [dmvcframework]
2024-02-17 00:04:16:013  [TID 2076    ][WARNING   ] dotEnv: Missed dotEnv file C:\Users\amanc\OneDrive\Documentos\Projetos Delphi\API MVC\Aula03\Project\Win32\Debug\.env.test [dmvcframework]
2024-02-17 00:04:16:013  [TID 2076    ][WARNING   ] dotEnv: Missed dotEnv file C:\Users\amanc\OneDrive\Documentos\Projetos Delphi\API MVC\Aula03\Project\Win32\Debug\.env.prod [dmvcframework]
2024-02-17 00:04:23:588  [TID 15004   ][INFO      ] ENTER: Config default values [dmvcframework]
2024-02-17 00:04:23:588  [TID 15004   ][INFO      ] EXIT: Config default values [dmvcframework]
2024-02-17 00:04:23:588  [TID 15004   ][INFO      ] >> Custom configuration method [dmvcframework]
2024-02-17 00:04:23:588  [TID 15004   ][INFO      ] << Custom configuration method [dmvcframework]
2024-02-17 00:04:23:588  [TID 15004   ][INFO      ] ENTER: LoadSystemControllers [dmvcframework]
2024-02-17 00:04:23:588  [TID 15004   ][INFO      ] EXIT: LoadSystemControllers [dmvcframework]
2024-02-17 00:04:23:636  [TID 15004   ][ERROR     ] [Exception] Cannot find MVCTable attribute nor a valid "GetCustomTableName" method on class "TCustomer" - [HINT] Is TCustomer class decorated with MVCTable and its fields with MVCTableField? [PathInfo "GET /api/customers"] (Custom message: "Global Action Exception Handler") [dmvcframework]
2024-02-17 00:06:42:190  [TID 12200   ][INFO      ] Default Logger initialized [dmvcframework]
2024-02-17 00:06:42:190  [TID 12200   ][WARNING   ] dotEnv: Path = C:\Users\amanc\OneDrive\Documentos\Projetos Delphi\API MVC\Aula03\Project\Win32\Debug [dmvcframework]
2024-02-17 00:06:42:190  [TID 12200   ][WARNING   ] dotEnv: Active profile/s priority = [default,test,prod] [dmvcframework]
2024-02-17 00:06:42:190  [TID 12200   ][WARNING   ] dotEnv: Missed dotEnv file C:\Users\amanc\OneDrive\Documentos\Projetos Delphi\API MVC\Aula03\Project\Win32\Debug\.env [dmvcframework]
2024-02-17 00:06:42:190  [TID 12200   ][WARNING   ] dotEnv: Missed dotEnv file C:\Users\amanc\OneDrive\Documentos\Projetos Delphi\API MVC\Aula03\Project\Win32\Debug\.env.test [dmvcframework]
2024-02-17 00:06:42:190  [TID 12200   ][WARNING   ] dotEnv: Missed dotEnv file C:\Users\amanc\OneDrive\Documentos\Projetos Delphi\API MVC\Aula03\Project\Win32\Debug\.env.prod [dmvcframework]
2024-02-17 00:06:52:568  [TID 10696   ][INFO      ] ENTER: Config default values [dmvcframework]
2024-02-17 00:06:52:568  [TID 10696   ][INFO      ] EXIT: Config default values [dmvcframework]
2024-02-17 00:06:52:568  [TID 10696   ][INFO      ] >> Custom configuration method [dmvcframework]
2024-02-17 00:06:52:568  [TID 10696   ][INFO      ] << Custom configuration method [dmvcframework]
2024-02-17 00:06:52:568  [TID 10696   ][INFO      ] ENTER: LoadSystemControllers [dmvcframework]
2024-02-17 00:06:52:568  [TID 10696   ][INFO      ] EXIT: LoadSystemControllers [dmvcframework]
2024-02-17 00:06:52:569  [TID 10696   ][DEBUG     ] ActiveRecord: Add "Model.Customer.TCustomer:" to the metadata cache [dmvcframework]
2024-02-17 00:06:52:572  [TID 10696   ][INFO      ] GET:/api/customers [0:0:0:0:0:0:0:1] -> controller.customer.TCustomerController.GetCustomers - 200 OK [dmvcframework]
2024-02-17 00:07:25:736  [TID 6724    ][INFO      ] Default Logger initialized [dmvcframework]
2024-02-17 00:07:25:736  [TID 6724    ][WARNING   ] dotEnv: Path = C:\Users\amanc\OneDrive\Documentos\Projetos Delphi\API MVC\Aula03\Project\Win32\Debug [dmvcframework]
2024-02-17 00:07:25:736  [TID 6724    ][WARNING   ] dotEnv: Active profile/s priority = [default,test,prod] [dmvcframework]
2024-02-17 00:07:25:736  [TID 6724    ][WARNING   ] dotEnv: Missed dotEnv file C:\Users\amanc\OneDrive\Documentos\Projetos Delphi\API MVC\Aula03\Project\Win32\Debug\.env [dmvcframework]
2024-02-17 00:07:25:736  [TID 6724    ][WARNING   ] dotEnv: Missed dotEnv file C:\Users\amanc\OneDrive\Documentos\Projetos Delphi\API MVC\Aula03\Project\Win32\Debug\.env.test [dmvcframework]
2024-02-17 00:07:25:736  [TID 6724    ][WARNING   ] dotEnv: Missed dotEnv file C:\Users\amanc\OneDrive\Documentos\Projetos Delphi\API MVC\Aula03\Project\Win32\Debug\.env.prod [dmvcframework]
2024-02-17 00:07:27:829  [TID 9472    ][INFO      ] ENTER: Config default values [dmvcframework]
2024-02-17 00:07:27:829  [TID 9472    ][INFO      ] EXIT: Config default values [dmvcframework]
2024-02-17 00:07:27:829  [TID 9472    ][INFO      ] >> Custom configuration method [dmvcframework]
2024-02-17 00:07:27:829  [TID 9472    ][INFO      ] << Custom configuration method [dmvcframework]
2024-02-17 00:07:27:829  [TID 9472    ][INFO      ] ENTER: LoadSystemControllers [dmvcframework]
2024-02-17 00:07:27:829  [TID 9472    ][INFO      ] EXIT: LoadSystemControllers [dmvcframework]
2024-02-17 00:07:27:829  [TID 9472    ][DEBUG     ] ActiveRecord: Add "Model.Customer.TCustomer:" to the metadata cache [dmvcframework]
2024-02-17 00:07:27:829  [TID 9472    ][INFO      ] GET:/api/customers [0:0:0:0:0:0:0:1] -> controller.customer.TCustomerController.GetCustomers - 200 OK [dmvcframework]
2024-02-17 00:16:32:408  [TID 16076   ][INFO      ] Default Logger initialized [dmvcframework]
2024-02-17 00:16:32:408  [TID 16076   ][WARNING   ] dotEnv: Path = C:\Users\amanc\OneDrive\Documentos\Projetos Delphi\API MVC\Aula03\Project\Win32\Debug [dmvcframework]
2024-02-17 00:16:32:408  [TID 16076   ][WARNING   ] dotEnv: Active profile/s priority = [default,test,prod] [dmvcframework]
2024-02-17 00:16:32:408  [TID 16076   ][WARNING   ] dotEnv: Missed dotEnv file C:\Users\amanc\OneDrive\Documentos\Projetos Delphi\API MVC\Aula03\Project\Win32\Debug\.env [dmvcframework]
2024-02-17 00:16:32:408  [TID 16076   ][WARNING   ] dotEnv: Missed dotEnv file C:\Users\amanc\OneDrive\Documentos\Projetos Delphi\API MVC\Aula03\Project\Win32\Debug\.env.test [dmvcframework]
2024-02-17 00:16:32:408  [TID 16076   ][WARNING   ] dotEnv: Missed dotEnv file C:\Users\amanc\OneDrive\Documentos\Projetos Delphi\API MVC\Aula03\Project\Win32\Debug\.env.prod [dmvcframework]
2024-02-17 00:16:37:740  [TID 9064    ][INFO      ] ENTER: Config default values [dmvcframework]
2024-02-17 00:16:37:740  [TID 9064    ][INFO      ] EXIT: Config default values [dmvcframework]
2024-02-17 00:16:37:740  [TID 9064    ][INFO      ] >> Custom configuration method [dmvcframework]
2024-02-17 00:16:37:740  [TID 9064    ][INFO      ] << Custom configuration method [dmvcframework]
2024-02-17 00:16:37:740  [TID 9064    ][INFO      ] ENTER: LoadSystemControllers [dmvcframework]
2024-02-17 00:16:37:740  [TID 9064    ][INFO      ] EXIT: LoadSystemControllers [dmvcframework]
2024-02-17 00:16:37:740  [TID 9064    ][DEBUG     ] ActiveRecord: Add "Model.Customer.TCustomer:" to the metadata cache [dmvcframework]
2024-02-17 00:16:37:740  [TID 9064    ][INFO      ] GET:/api/customers [0:0:0:0:0:0:0:1] -> controller.customer.TCustomerController.GetCustomers - 200 OK [dmvcframework]
2024-02-17 00:16:41:902  [TID 9064    ][ERROR     ] [EListError] Duplicates not allowed [PathInfo "GET /api/customers/2"] (Custom message: "Cannot create controller") [dmvcframework]
2024-02-17 00:16:41:903  [TID 9064    ][ERROR     ] [EMVCException] Cannot create controller [PathInfo "GET /api/customers/2"] (Custom message: "") [dmvcframework]
2024-02-17 00:22:57:425  [TID 14548   ][INFO      ] Default Logger initialized [dmvcframework]
2024-02-17 00:22:57:425  [TID 14548   ][WARNING   ] dotEnv: Path = C:\Users\amanc\OneDrive\Documentos\Projetos Delphi\API MVC\Aula03\Project\Win32\Debug [dmvcframework]
2024-02-17 00:22:57:425  [TID 14548   ][WARNING   ] dotEnv: Active profile/s priority = [default,test,prod] [dmvcframework]
2024-02-17 00:22:57:425  [TID 14548   ][WARNING   ] dotEnv: Missed dotEnv file C:\Users\amanc\OneDrive\Documentos\Projetos Delphi\API MVC\Aula03\Project\Win32\Debug\.env [dmvcframework]
2024-02-17 00:22:57:425  [TID 14548   ][WARNING   ] dotEnv: Missed dotEnv file C:\Users\amanc\OneDrive\Documentos\Projetos Delphi\API MVC\Aula03\Project\Win32\Debug\.env.test [dmvcframework]
2024-02-17 00:22:57:425  [TID 14548   ][WARNING   ] dotEnv: Missed dotEnv file C:\Users\amanc\OneDrive\Documentos\Projetos Delphi\API MVC\Aula03\Project\Win32\Debug\.env.prod [dmvcframework]
2024-02-17 00:25:52:376  [TID 15876   ][INFO      ] ENTER: Config default values [dmvcframework]
2024-02-17 00:25:52:376  [TID 15876   ][INFO      ] EXIT: Config default values [dmvcframework]
2024-02-17 00:25:52:376  [TID 15876   ][INFO      ] >> Custom configuration method [dmvcframework]
2024-02-17 00:25:52:391  [TID 15876   ][INFO      ] << Custom configuration method [dmvcframework]
2024-02-17 00:25:52:391  [TID 15876   ][INFO      ] ENTER: LoadSystemControllers [dmvcframework]
2024-02-17 00:25:52:391  [TID 15876   ][INFO      ] EXIT: LoadSystemControllers [dmvcframework]
2024-02-17 00:25:52:391  [TID 15876   ][INFO      ] POST:/api/customers/ [0:0:0:0:0:0:0:1] -> {NOT FOUND} - 404 Not Found [dmvcframework]
2024-02-17 00:25:52:391  [TID 15876   ][ERROR     ] [EMVCException] Not Found [PathInfo "POST /api/customers/"] (Custom message: "POST /api/customers/") [dmvcframework]
2024-02-17 00:26:00:124  [TID 7228    ][INFO      ] POST:/api/customer/ [0:0:0:0:0:0:0:1] -> {NOT FOUND} - 404 Not Found [dmvcframework]
2024-02-17 00:26:00:124  [TID 7228    ][ERROR     ] [EMVCException] Not Found [PathInfo "POST /api/customer/"] (Custom message: "POST /api/customer/") [dmvcframework]
2024-02-17 00:27:04:645  [TID 8388    ][INFO      ] Default Logger initialized [dmvcframework]
2024-02-17 00:27:04:645  [TID 8388    ][WARNING   ] dotEnv: Path = C:\Users\amanc\OneDrive\Documentos\Projetos Delphi\API MVC\Aula03\Project\Win32\Debug [dmvcframework]
2024-02-17 00:27:04:645  [TID 8388    ][WARNING   ] dotEnv: Active profile/s priority = [default,test,prod] [dmvcframework]
2024-02-17 00:27:04:645  [TID 8388    ][WARNING   ] dotEnv: Missed dotEnv file C:\Users\amanc\OneDrive\Documentos\Projetos Delphi\API MVC\Aula03\Project\Win32\Debug\.env [dmvcframework]
2024-02-17 00:27:04:645  [TID 8388    ][WARNING   ] dotEnv: Missed dotEnv file C:\Users\amanc\OneDrive\Documentos\Projetos Delphi\API MVC\Aula03\Project\Win32\Debug\.env.test [dmvcframework]
2024-02-17 00:27:04:645  [TID 8388    ][WARNING   ] dotEnv: Missed dotEnv file C:\Users\amanc\OneDrive\Documentos\Projetos Delphi\API MVC\Aula03\Project\Win32\Debug\.env.prod [dmvcframework]
2024-02-17 00:27:19:923  [TID 3428    ][INFO      ] ENTER: Config default values [dmvcframework]
2024-02-17 00:27:19:923  [TID 3428    ][INFO      ] EXIT: Config default values [dmvcframework]
2024-02-17 00:27:19:923  [TID 3428    ][INFO      ] >> Custom configuration method [dmvcframework]
2024-02-17 00:27:19:923  [TID 3428    ][INFO      ] << Custom configuration method [dmvcframework]
2024-02-17 00:27:19:923  [TID 3428    ][INFO      ] ENTER: LoadSystemControllers [dmvcframework]
2024-02-17 00:27:19:923  [TID 3428    ][INFO      ] EXIT: LoadSystemControllers [dmvcframework]
2024-02-17 00:27:19:923  [TID 3428    ][DEBUG     ] ActiveRecord: Add "Model.Customer.TCustomer:" to the metadata cache [dmvcframework]
2024-02-17 00:27:19:923  [TID 3428    ][INFO      ] POST:/api/customers [0:0:0:0:0:0:0:1] -> controller.customer.TCustomerController.CreatCustomer - 200 OK [dmvcframework]
2024-02-17 00:27:31:030  [TID 3428    ][ERROR     ] [EListError] Duplicates not allowed [PathInfo "GET /api/customers"] (Custom message: "Cannot create controller") [dmvcframework]
2024-02-17 00:27:31:030  [TID 3428    ][ERROR     ] [EMVCException] Cannot create controller [PathInfo "GET /api/customers"] (Custom message: "") [dmvcframework]
2024-02-17 00:27:34:345  [TID 3428    ][INFO      ] GET:/api/customer [0:0:0:0:0:0:0:1] -> {NOT FOUND} - 404 Not Found [dmvcframework]
2024-02-17 00:27:34:345  [TID 3428    ][ERROR     ] [EMVCException] Not Found [PathInfo "GET /api/customer"] (Custom message: "GET /api/customer") [dmvcframework]
2024-02-17 00:27:44:790  [TID 12188   ][INFO      ] GET:/api/customers [0:0:0:0:0:0:0:1] -> controller.customer.TCustomerController.GetCustomers - 200 OK [dmvcframework]
2024-02-17 00:27:51:067  [TID 12188   ][ERROR     ] [EListError] Duplicates not allowed [PathInfo "GET /api/customers"] (Custom message: "Cannot create controller") [dmvcframework]
2024-02-17 00:27:51:067  [TID 12188   ][ERROR     ] [EMVCException] Cannot create controller [PathInfo "GET /api/customers"] (Custom message: "") [dmvcframework]
2024-02-17 00:27:54:906  [TID 12188   ][INFO      ] GET:/api/customer [0:0:0:0:0:0:0:1] -> {NOT FOUND} - 404 Not Found [dmvcframework]
2024-02-17 00:27:54:906  [TID 12188   ][ERROR     ] [EMVCException] Not Found [PathInfo "GET /api/customer"] (Custom message: "GET /api/customer") [dmvcframework]
2024-02-17 00:28:14:966  [TID 11396   ][INFO      ] GET:/api/customers [0:0:0:0:0:0:0:1] -> controller.customer.TCustomerController.GetCustomers - 200 OK [dmvcframework]
2024-02-17 00:28:24:826  [TID 11396   ][ERROR     ] [EListError] Duplicates not allowed [PathInfo "GET /api/customers/1"] (Custom message: "Cannot create controller") [dmvcframework]
2024-02-17 00:28:24:826  [TID 11396   ][ERROR     ] [EMVCException] Cannot create controller [PathInfo "GET /api/customers/1"] (Custom message: "") [dmvcframework]
2024-02-17 00:28:29:932  [TID 11396   ][INFO      ] GET:/api/customer/1 [0:0:0:0:0:0:0:1] -> {NOT FOUND} - 404 Not Found [dmvcframework]
2024-02-17 00:28:29:932  [TID 11396   ][ERROR     ] [EMVCException] Not Found [PathInfo "GET /api/customer/1"] (Custom message: "GET /api/customer/1") [dmvcframework]
2024-02-17 00:28:34:911  [TID 15148   ][INFO      ] GET:/api/customers/1 [0:0:0:0:0:0:0:1] -> controller.customer.TCustomerController.GetCustome - 200 OK [dmvcframework]
2024-02-17 00:28:40:668  [TID 15148   ][ERROR     ] [EListError] Duplicates not allowed [PathInfo "GET /api/customers"] (Custom message: "Cannot create controller") [dmvcframework]
2024-02-17 00:28:40:668  [TID 15148   ][ERROR     ] [EMVCException] Cannot create controller [PathInfo "GET /api/customers"] (Custom message: "") [dmvcframework]
2024-02-17 00:28:51:110  [TID 15148   ][ERROR     ] [EListError] Duplicates not allowed [PathInfo "GET /api/customers/"] (Custom message: "Cannot create controller") [dmvcframework]
2024-02-17 00:28:51:110  [TID 15148   ][ERROR     ] [EMVCException] Cannot create controller [PathInfo "GET /api/customers/"] (Custom message: "") [dmvcframework]
2024-02-17 00:29:56:589  [TID 12828   ][INFO      ] Default Logger initialized [dmvcframework]
2024-02-17 00:29:56:589  [TID 12828   ][WARNING   ] dotEnv: Path = C:\Users\amanc\OneDrive\Documentos\Projetos Delphi\API MVC\Aula03\Project\Win32\Debug [dmvcframework]
2024-02-17 00:29:56:589  [TID 12828   ][WARNING   ] dotEnv: Active profile/s priority = [default,test,prod] [dmvcframework]
2024-02-17 00:29:56:589  [TID 12828   ][WARNING   ] dotEnv: Missed dotEnv file C:\Users\amanc\OneDrive\Documentos\Projetos Delphi\API MVC\Aula03\Project\Win32\Debug\.env [dmvcframework]
2024-02-17 00:29:56:589  [TID 12828   ][WARNING   ] dotEnv: Missed dotEnv file C:\Users\amanc\OneDrive\Documentos\Projetos Delphi\API MVC\Aula03\Project\Win32\Debug\.env.test [dmvcframework]
2024-02-17 00:29:56:589  [TID 12828   ][WARNING   ] dotEnv: Missed dotEnv file C:\Users\amanc\OneDrive\Documentos\Projetos Delphi\API MVC\Aula03\Project\Win32\Debug\.env.prod [dmvcframework]
2024-02-17 00:30:03:396  [TID 7372    ][INFO      ] ENTER: Config default values [dmvcframework]
2024-02-17 00:30:03:396  [TID 7372    ][INFO      ] EXIT: Config default values [dmvcframework]
2024-02-17 00:30:03:396  [TID 7372    ][INFO      ] >> Custom configuration method [dmvcframework]
2024-02-17 00:30:03:396  [TID 7372    ][INFO      ] << Custom configuration method [dmvcframework]
2024-02-17 00:30:03:396  [TID 7372    ][INFO      ] ENTER: LoadSystemControllers [dmvcframework]
2024-02-17 00:30:03:396  [TID 7372    ][INFO      ] EXIT: LoadSystemControllers [dmvcframework]
2024-02-17 00:30:03:400  [TID 7372    ][DEBUG     ] ActiveRecord: Add "Model.Customer.TCustomer:" to the metadata cache [dmvcframework]
2024-02-17 00:30:03:401  [TID 7372    ][INFO      ] GET:/api/customers [0:0:0:0:0:0:0:1] -> controller.customer.TCustomerController.GetCustomers - 200 OK [dmvcframework]
2024-02-17 00:30:30:576  [TID 7372    ][ERROR     ] [EListError] Duplicates not allowed [PathInfo "GET /api/customers/1"] (Custom message: "Cannot create controller") [dmvcframework]
2024-02-17 00:30:30:576  [TID 7372    ][ERROR     ] [EMVCException] Cannot create controller [PathInfo "GET /api/customers/1"] (Custom message: "") [dmvcframework]
2024-02-17 00:30:34:827  [TID 7372    ][ERROR     ] [EListError] Duplicates not allowed [PathInfo "GET /api/customers/1"] (Custom message: "Cannot create controller") [dmvcframework]
2024-02-17 00:30:34:827  [TID 7372    ][ERROR     ] [EMVCException] Cannot create controller [PathInfo "GET /api/customers/1"] (Custom message: "") [dmvcframework]
2024-02-17 00:30:48:730  [TID 16112   ][INFO      ] Default Logger initialized [dmvcframework]
2024-02-17 00:30:48:730  [TID 16112   ][WARNING   ] dotEnv: Path = C:\Users\amanc\OneDrive\Documentos\Projetos Delphi\API MVC\Aula03\Project\Win32\Debug [dmvcframework]
2024-02-17 00:30:48:730  [TID 16112   ][WARNING   ] dotEnv: Active profile/s priority = [default,test,prod] [dmvcframework]
2024-02-17 00:30:48:730  [TID 16112   ][WARNING   ] dotEnv: Missed dotEnv file C:\Users\amanc\OneDrive\Documentos\Projetos Delphi\API MVC\Aula03\Project\Win32\Debug\.env [dmvcframework]
2024-02-17 00:30:48:730  [TID 16112   ][WARNING   ] dotEnv: Missed dotEnv file C:\Users\amanc\OneDrive\Documentos\Projetos Delphi\API MVC\Aula03\Project\Win32\Debug\.env.test [dmvcframework]
2024-02-17 00:30:48:730  [TID 16112   ][WARNING   ] dotEnv: Missed dotEnv file C:\Users\amanc\OneDrive\Documentos\Projetos Delphi\API MVC\Aula03\Project\Win32\Debug\.env.prod [dmvcframework]
2024-02-17 00:30:52:666  [TID 8448    ][INFO      ] ENTER: Config default values [dmvcframework]
2024-02-17 00:30:52:666  [TID 8448    ][INFO      ] EXIT: Config default values [dmvcframework]
2024-02-17 00:30:52:666  [TID 8448    ][INFO      ] >> Custom configuration method [dmvcframework]
2024-02-17 00:30:52:666  [TID 8448    ][INFO      ] << Custom configuration method [dmvcframework]
2024-02-17 00:30:52:666  [TID 8448    ][INFO      ] ENTER: LoadSystemControllers [dmvcframework]
2024-02-17 00:30:52:666  [TID 8448    ][INFO      ] EXIT: LoadSystemControllers [dmvcframework]
2024-02-17 00:30:52:666  [TID 8448    ][DEBUG     ] ActiveRecord: Add "Model.Customer.TCustomer:" to the metadata cache [dmvcframework]
2024-02-17 00:30:52:666  [TID 8448    ][INFO      ] GET:/api/customers/1 [0:0:0:0:0:0:0:1] -> controller.customer.TCustomerController.GetCustome - 200 OK [dmvcframework]
2024-02-17 00:31:04:162  [TID 8448    ][ERROR     ] [EListError] Duplicates not allowed [PathInfo "GET /api/customers"] (Custom message: "Cannot create controller") [dmvcframework]
2024-02-17 00:31:04:162  [TID 8448    ][ERROR     ] [EMVCException] Cannot create controller [PathInfo "GET /api/customers"] (Custom message: "") [dmvcframework]
2024-02-17 00:31:08:510  [TID 3428    ][INFO      ] Default Logger initialized [dmvcframework]
2024-02-17 00:31:08:510  [TID 3428    ][WARNING   ] dotEnv: Path = C:\Users\amanc\OneDrive\Documentos\Projetos Delphi\API MVC\Aula03\Project\Win32\Debug [dmvcframework]
2024-02-17 00:31:08:510  [TID 3428    ][WARNING   ] dotEnv: Active profile/s priority = [default,test,prod] [dmvcframework]
2024-02-17 00:31:08:510  [TID 3428    ][WARNING   ] dotEnv: Missed dotEnv file C:\Users\amanc\OneDrive\Documentos\Projetos Delphi\API MVC\Aula03\Project\Win32\Debug\.env [dmvcframework]
2024-02-17 00:31:08:510  [TID 3428    ][WARNING   ] dotEnv: Missed dotEnv file C:\Users\amanc\OneDrive\Documentos\Projetos Delphi\API MVC\Aula03\Project\Win32\Debug\.env.test [dmvcframework]
2024-02-17 00:31:08:510  [TID 3428    ][WARNING   ] dotEnv: Missed dotEnv file C:\Users\amanc\OneDrive\Documentos\Projetos Delphi\API MVC\Aula03\Project\Win32\Debug\.env.prod [dmvcframework]
2024-02-17 00:31:14:070  [TID 10404   ][INFO      ] ENTER: Config default values [dmvcframework]
2024-02-17 00:31:14:070  [TID 10404   ][INFO      ] EXIT: Config default values [dmvcframework]
2024-02-17 00:31:14:070  [TID 10404   ][INFO      ] >> Custom configuration method [dmvcframework]
2024-02-17 00:31:14:070  [TID 10404   ][INFO      ] << Custom configuration method [dmvcframework]
2024-02-17 00:31:14:070  [TID 10404   ][INFO      ] ENTER: LoadSystemControllers [dmvcframework]
2024-02-17 00:31:14:070  [TID 10404   ][INFO      ] EXIT: LoadSystemControllers [dmvcframework]
2024-02-17 00:31:14:072  [TID 10404   ][DEBUG     ] ActiveRecord: Add "Model.Customer.TCustomer:" to the metadata cache [dmvcframework]
2024-02-17 00:31:14:072  [TID 10404   ][INFO      ] GET:/api/customers [0:0:0:0:0:0:0:1] -> controller.customer.TCustomerController.GetCustomers - 200 OK [dmvcframework]
2024-02-17 00:32:14:115  [TID 14860   ][INFO      ] Default Logger initialized [dmvcframework]
2024-02-17 00:32:14:115  [TID 14860   ][WARNING   ] dotEnv: Path = C:\Users\amanc\OneDrive\Documentos\Projetos Delphi\API MVC\Aula03\Project\Win32\Debug [dmvcframework]
2024-02-17 00:32:14:115  [TID 14860   ][WARNING   ] dotEnv: Active profile/s priority = [default,test,prod] [dmvcframework]
2024-02-17 00:32:14:115  [TID 14860   ][WARNING   ] dotEnv: Missed dotEnv file C:\Users\amanc\OneDrive\Documentos\Projetos Delphi\API MVC\Aula03\Project\Win32\Debug\.env [dmvcframework]
2024-02-17 00:32:14:115  [TID 14860   ][WARNING   ] dotEnv: Missed dotEnv file C:\Users\amanc\OneDrive\Documentos\Projetos Delphi\API MVC\Aula03\Project\Win32\Debug\.env.test [dmvcframework]
2024-02-17 00:32:14:115  [TID 14860   ][WARNING   ] dotEnv: Missed dotEnv file C:\Users\amanc\OneDrive\Documentos\Projetos Delphi\API MVC\Aula03\Project\Win32\Debug\.env.prod [dmvcframework]
2024-02-17 00:32:17:605  [TID 2792    ][INFO      ] ENTER: Config default values [dmvcframework]
2024-02-17 00:32:17:605  [TID 2792    ][INFO      ] EXIT: Config default values [dmvcframework]
2024-02-17 00:32:17:605  [TID 2792    ][INFO      ] >> Custom configuration method [dmvcframework]
2024-02-17 00:32:17:605  [TID 2792    ][INFO      ] << Custom configuration method [dmvcframework]
2024-02-17 00:32:17:605  [TID 2792    ][INFO      ] ENTER: LoadSystemControllers [dmvcframework]
2024-02-17 00:32:17:605  [TID 2792    ][INFO      ] EXIT: LoadSystemControllers [dmvcframework]
2024-02-17 00:32:17:606  [TID 2792    ][DEBUG     ] ActiveRecord: Add "Model.Customer.TCustomer:" to the metadata cache [dmvcframework]
2024-02-17 00:32:17:606  [TID 2792    ][INFO      ] GET:/api/customers [0:0:0:0:0:0:0:1] -> controller.customer.TCustomerController.GetCustomers - 200 OK [dmvcframework]
2024-02-17 00:32:19:757  [TID 2792    ][ERROR     ] [EListError] Duplicates not allowed [PathInfo "GET /api/customers"] (Custom message: "Cannot create controller") [dmvcframework]
2024-02-17 00:32:19:757  [TID 2792    ][ERROR     ] [EMVCException] Cannot create controller [PathInfo "GET /api/customers"] (Custom message: "") [dmvcframework]
2024-02-17 00:32:21:588  [TID 2792    ][ERROR     ] [EListError] Duplicates not allowed [PathInfo "GET /api/customers"] (Custom message: "Cannot create controller") [dmvcframework]
2024-02-17 00:32:21:588  [TID 2792    ][ERROR     ] [EMVCException] Cannot create controller [PathInfo "GET /api/customers"] (Custom message: "") [dmvcframework]
2024-02-17 00:32:22:375  [TID 2792    ][ERROR     ] [EListError] Duplicates not allowed [PathInfo "GET /api/customers"] (Custom message: "Cannot create controller") [dmvcframework]
2024-02-17 00:32:22:375  [TID 2792    ][ERROR     ] [EMVCException] Cannot create controller [PathInfo "GET /api/customers"] (Custom message: "") [dmvcframework]
2024-02-17 00:32:23:099  [TID 2792    ][ERROR     ] [EListError] Duplicates not allowed [PathInfo "GET /api/customers"] (Custom message: "Cannot create controller") [dmvcframework]
2024-02-17 00:32:23:100  [TID 2792    ][ERROR     ] [EMVCException] Cannot create controller [PathInfo "GET /api/customers"] (Custom message: "") [dmvcframework]
2024-02-17 00:32:34:677  [TID 3512    ][INFO      ] Default Logger initialized [dmvcframework]
2024-02-17 00:32:34:677  [TID 3512    ][WARNING   ] dotEnv: Path = C:\Users\amanc\OneDrive\Documentos\Projetos Delphi\API MVC\Aula03\Project\Win32\Debug [dmvcframework]
2024-02-17 00:32:34:677  [TID 3512    ][WARNING   ] dotEnv: Active profile/s priority = [default,test,prod] [dmvcframework]
2024-02-17 00:32:34:677  [TID 3512    ][WARNING   ] dotEnv: Missed dotEnv file C:\Users\amanc\OneDrive\Documentos\Projetos Delphi\API MVC\Aula03\Project\Win32\Debug\.env [dmvcframework]
2024-02-17 00:32:34:677  [TID 3512    ][WARNING   ] dotEnv: Missed dotEnv file C:\Users\amanc\OneDrive\Documentos\Projetos Delphi\API MVC\Aula03\Project\Win32\Debug\.env.test [dmvcframework]
2024-02-17 00:32:34:677  [TID 3512    ][WARNING   ] dotEnv: Missed dotEnv file C:\Users\amanc\OneDrive\Documentos\Projetos Delphi\API MVC\Aula03\Project\Win32\Debug\.env.prod [dmvcframework]
2024-02-17 00:32:38:902  [TID 11064   ][INFO      ] ENTER: Config default values [dmvcframework]
2024-02-17 00:32:38:902  [TID 11064   ][INFO      ] EXIT: Config default values [dmvcframework]
2024-02-17 00:32:38:902  [TID 11064   ][INFO      ] >> Custom configuration method [dmvcframework]
2024-02-17 00:32:38:902  [TID 11064   ][INFO      ] << Custom configuration method [dmvcframework]
2024-02-17 00:32:38:902  [TID 11064   ][INFO      ] ENTER: LoadSystemControllers [dmvcframework]
2024-02-17 00:32:38:902  [TID 11064   ][INFO      ] EXIT: LoadSystemControllers [dmvcframework]
2024-02-17 00:32:38:907  [TID 11064   ][DEBUG     ] ActiveRecord: Add "Model.Customer.TCustomer:" to the metadata cache [dmvcframework]
2024-02-17 00:32:38:907  [TID 11064   ][INFO      ] GET:/api/customers [0:0:0:0:0:0:0:1] -> controller.customer.TCustomerController.GetCustomers - 200 OK [dmvcframework]
2024-02-17 00:33:51:806  [TID 12200   ][INFO      ] Default Logger initialized [dmvcframework]
2024-02-17 00:33:51:806  [TID 12200   ][WARNING   ] dotEnv: Path = C:\Users\amanc\OneDrive\Documentos\Projetos Delphi\API MVC\Aula03\Project\Win32\Debug [dmvcframework]
2024-02-17 00:33:51:806  [TID 12200   ][WARNING   ] dotEnv: Active profile/s priority = [default,test,prod] [dmvcframework]
2024-02-17 00:33:51:806  [TID 12200   ][WARNING   ] dotEnv: Missed dotEnv file C:\Users\amanc\OneDrive\Documentos\Projetos Delphi\API MVC\Aula03\Project\Win32\Debug\.env [dmvcframework]
2024-02-17 00:33:51:806  [TID 12200   ][WARNING   ] dotEnv: Missed dotEnv file C:\Users\amanc\OneDrive\Documentos\Projetos Delphi\API MVC\Aula03\Project\Win32\Debug\.env.test [dmvcframework]
2024-02-17 00:33:51:806  [TID 12200   ][WARNING   ] dotEnv: Missed dotEnv file C:\Users\amanc\OneDrive\Documentos\Projetos Delphi\API MVC\Aula03\Project\Win32\Debug\.env.prod [dmvcframework]
2024-02-17 00:33:55:921  [TID 8592    ][INFO      ] ENTER: Config default values [dmvcframework]
2024-02-17 00:33:55:921  [TID 8592    ][INFO      ] EXIT: Config default values [dmvcframework]
2024-02-17 00:33:55:921  [TID 8592    ][INFO      ] >> Custom configuration method [dmvcframework]
2024-02-17 00:33:55:921  [TID 8592    ][INFO      ] << Custom configuration method [dmvcframework]
2024-02-17 00:33:55:921  [TID 8592    ][INFO      ] ENTER: LoadSystemControllers [dmvcframework]
2024-02-17 00:33:55:921  [TID 8592    ][INFO      ] EXIT: LoadSystemControllers [dmvcframework]
2024-02-17 00:33:55:921  [TID 8592    ][DEBUG     ] ActiveRecord: Add "Model.Customer.TCustomer:" to the metadata cache [dmvcframework]
2024-02-17 00:33:55:921  [TID 8592    ][INFO      ] GET:/api/customers [0:0:0:0:0:0:0:1] -> controller.customer.TCustomerController.GetCustomers - 200 OK [dmvcframework]
2024-02-17 00:33:59:784  [TID 8592    ][ERROR     ] [EListError] Duplicates not allowed [PathInfo "GET /api/customers/1"] (Custom message: "Cannot create controller") [dmvcframework]
2024-02-17 00:33:59:784  [TID 8592    ][ERROR     ] [EMVCException] Cannot create controller [PathInfo "GET /api/customers/1"] (Custom message: "") [dmvcframework]
2024-02-17 00:34:05:903  [TID 15024   ][INFO      ] Default Logger initialized [dmvcframework]
2024-02-17 00:34:05:903  [TID 15024   ][WARNING   ] dotEnv: Path = C:\Users\amanc\OneDrive\Documentos\Projetos Delphi\API MVC\Aula03\Project\Win32\Debug [dmvcframework]
2024-02-17 00:34:05:903  [TID 15024   ][WARNING   ] dotEnv: Active profile/s priority = [default,test,prod] [dmvcframework]
2024-02-17 00:34:05:903  [TID 15024   ][WARNING   ] dotEnv: Missed dotEnv file C:\Users\amanc\OneDrive\Documentos\Projetos Delphi\API MVC\Aula03\Project\Win32\Debug\.env [dmvcframework]
2024-02-17 00:34:05:903  [TID 15024   ][WARNING   ] dotEnv: Missed dotEnv file C:\Users\amanc\OneDrive\Documentos\Projetos Delphi\API MVC\Aula03\Project\Win32\Debug\.env.test [dmvcframework]
2024-02-17 00:34:05:903  [TID 15024   ][WARNING   ] dotEnv: Missed dotEnv file C:\Users\amanc\OneDrive\Documentos\Projetos Delphi\API MVC\Aula03\Project\Win32\Debug\.env.prod [dmvcframework]
2024-02-17 00:34:09:007  [TID 7700    ][INFO      ] ENTER: Config default values [dmvcframework]
2024-02-17 00:34:09:007  [TID 7700    ][INFO      ] EXIT: Config default values [dmvcframework]
2024-02-17 00:34:09:007  [TID 7700    ][INFO      ] >> Custom configuration method [dmvcframework]
2024-02-17 00:34:09:007  [TID 7700    ][INFO      ] << Custom configuration method [dmvcframework]
2024-02-17 00:34:09:007  [TID 7700    ][INFO      ] ENTER: LoadSystemControllers [dmvcframework]
2024-02-17 00:34:09:007  [TID 7700    ][INFO      ] EXIT: LoadSystemControllers [dmvcframework]
2024-02-17 00:34:09:007  [TID 7700    ][DEBUG     ] ActiveRecord: Add "Model.Customer.TCustomer:" to the metadata cache [dmvcframework]
2024-02-17 00:34:09:007  [TID 7700    ][INFO      ] GET:/api/customers/1 [0:0:0:0:0:0:0:1] -> controller.customer.TCustomerController.GetCustome - 200 OK [dmvcframework]
2024-02-17 00:34:21:032  [TID 14356   ][INFO      ] Default Logger initialized [dmvcframework]
2024-02-17 00:34:21:032  [TID 14356   ][WARNING   ] dotEnv: Path = C:\Users\amanc\OneDrive\Documentos\Projetos Delphi\API MVC\Aula03\Project\Win32\Debug [dmvcframework]
2024-02-17 00:34:21:032  [TID 14356   ][WARNING   ] dotEnv: Active profile/s priority = [default,test,prod] [dmvcframework]
2024-02-17 00:34:21:032  [TID 14356   ][WARNING   ] dotEnv: Missed dotEnv file C:\Users\amanc\OneDrive\Documentos\Projetos Delphi\API MVC\Aula03\Project\Win32\Debug\.env [dmvcframework]
2024-02-17 00:34:21:032  [TID 14356   ][WARNING   ] dotEnv: Missed dotEnv file C:\Users\amanc\OneDrive\Documentos\Projetos Delphi\API MVC\Aula03\Project\Win32\Debug\.env.test [dmvcframework]
2024-02-17 00:34:21:032  [TID 14356   ][WARNING   ] dotEnv: Missed dotEnv file C:\Users\amanc\OneDrive\Documentos\Projetos Delphi\API MVC\Aula03\Project\Win32\Debug\.env.prod [dmvcframework]
2024-02-17 00:34:24:449  [TID 6456    ][INFO      ] ENTER: Config default values [dmvcframework]
2024-02-17 00:34:24:449  [TID 6456    ][INFO      ] EXIT: Config default values [dmvcframework]
2024-02-17 00:34:24:449  [TID 6456    ][INFO      ] >> Custom configuration method [dmvcframework]
2024-02-17 00:34:24:449  [TID 6456    ][INFO      ] << Custom configuration method [dmvcframework]
2024-02-17 00:34:24:449  [TID 6456    ][INFO      ] ENTER: LoadSystemControllers [dmvcframework]
2024-02-17 00:34:24:449  [TID 6456    ][INFO      ] EXIT: LoadSystemControllers [dmvcframework]
2024-02-17 00:34:24:449  [TID 6456    ][INFO      ] GET:/api/customer [0:0:0:0:0:0:0:1] -> {NOT FOUND} - 404 Not Found [dmvcframework]
2024-02-17 00:34:24:449  [TID 6456    ][ERROR     ] [EMVCException] Not Found [PathInfo "GET /api/customer"] (Custom message: "GET /api/customer") [dmvcframework]
2024-02-17 00:34:28:328  [TID 8040    ][DEBUG     ] ActiveRecord: Add "Model.Customer.TCustomer:" to the metadata cache [dmvcframework]
2024-02-17 00:34:28:330  [TID 8040    ][INFO      ] GET:/api/customers [0:0:0:0:0:0:0:1] -> controller.customer.TCustomerController.GetCustomers - 200 OK [dmvcframework]
2024-02-17 00:37:15:019  [TID 7252    ][INFO      ] Default Logger initialized [dmvcframework]
2024-02-17 00:37:15:019  [TID 7252    ][WARNING   ] dotEnv: Path = C:\Users\amanc\OneDrive\Documentos\Projetos Delphi\API MVC\Aula03\Project\Win32\Debug [dmvcframework]
2024-02-17 00:37:15:019  [TID 7252    ][WARNING   ] dotEnv: Active profile/s priority = [default,test,prod] [dmvcframework]
2024-02-17 00:37:15:019  [TID 7252    ][WARNING   ] dotEnv: Missed dotEnv file C:\Users\amanc\OneDrive\Documentos\Projetos Delphi\API MVC\Aula03\Project\Win32\Debug\.env [dmvcframework]
2024-02-17 00:37:15:019  [TID 7252    ][WARNING   ] dotEnv: Missed dotEnv file C:\Users\amanc\OneDrive\Documentos\Projetos Delphi\API MVC\Aula03\Project\Win32\Debug\.env.test [dmvcframework]
2024-02-17 00:37:15:019  [TID 7252    ][WARNING   ] dotEnv: Missed dotEnv file C:\Users\amanc\OneDrive\Documentos\Projetos Delphi\API MVC\Aula03\Project\Win32\Debug\.env.prod [dmvcframework]
2024-02-17 00:37:23:219  [TID 13608   ][INFO      ] ENTER: Config default values [dmvcframework]
2024-02-17 00:37:23:219  [TID 13608   ][INFO      ] EXIT: Config default values [dmvcframework]
2024-02-17 00:37:23:219  [TID 13608   ][INFO      ] >> Custom configuration method [dmvcframework]
2024-02-17 00:37:23:219  [TID 13608   ][INFO      ] << Custom configuration method [dmvcframework]
2024-02-17 00:37:23:219  [TID 13608   ][INFO      ] ENTER: LoadSystemControllers [dmvcframework]
2024-02-17 00:37:23:219  [TID 13608   ][INFO      ] EXIT: LoadSystemControllers [dmvcframework]
2024-02-17 00:37:23:219  [TID 13608   ][DEBUG     ] ActiveRecord: Add "Model.Customer.TCustomer:" to the metadata cache [dmvcframework]
2024-02-17 00:37:23:219  [TID 13608   ][INFO      ] POST:/api/customers [0:0:0:0:0:0:0:1] -> controller.customer.TCustomerController.CreatCustomer - 200 OK [dmvcframework]
2024-02-17 00:37:34:121  [TID 13608   ][ERROR     ] [EListError] Duplicates not allowed [PathInfo "GET /api/customers"] (Custom message: "Cannot create controller") [dmvcframework]
2024-02-17 00:37:34:121  [TID 13608   ][ERROR     ] [EMVCException] Cannot create controller [PathInfo "GET /api/customers"] (Custom message: "") [dmvcframework]
2024-02-17 00:37:39:307  [TID 15832   ][INFO      ] Default Logger initialized [dmvcframework]
2024-02-17 00:37:39:307  [TID 15832   ][WARNING   ] dotEnv: Path = C:\Users\amanc\OneDrive\Documentos\Projetos Delphi\API MVC\Aula03\Project\Win32\Debug [dmvcframework]
2024-02-17 00:37:39:307  [TID 15832   ][WARNING   ] dotEnv: Active profile/s priority = [default,test,prod] [dmvcframework]
2024-02-17 00:37:39:307  [TID 15832   ][WARNING   ] dotEnv: Missed dotEnv file C:\Users\amanc\OneDrive\Documentos\Projetos Delphi\API MVC\Aula03\Project\Win32\Debug\.env [dmvcframework]
2024-02-17 00:37:39:307  [TID 15832   ][WARNING   ] dotEnv: Missed dotEnv file C:\Users\amanc\OneDrive\Documentos\Projetos Delphi\API MVC\Aula03\Project\Win32\Debug\.env.test [dmvcframework]
2024-02-17 00:37:39:307  [TID 15832   ][WARNING   ] dotEnv: Missed dotEnv file C:\Users\amanc\OneDrive\Documentos\Projetos Delphi\API MVC\Aula03\Project\Win32\Debug\.env.prod [dmvcframework]
2024-02-17 00:37:42:428  [TID 12244   ][INFO      ] ENTER: Config default values [dmvcframework]
2024-02-17 00:37:42:428  [TID 12244   ][INFO      ] EXIT: Config default values [dmvcframework]
2024-02-17 00:37:42:428  [TID 12244   ][INFO      ] >> Custom configuration method [dmvcframework]
2024-02-17 00:37:42:428  [TID 12244   ][INFO      ] << Custom configuration method [dmvcframework]
2024-02-17 00:37:42:428  [TID 12244   ][INFO      ] ENTER: LoadSystemControllers [dmvcframework]
2024-02-17 00:37:42:428  [TID 12244   ][INFO      ] EXIT: LoadSystemControllers [dmvcframework]
2024-02-17 00:37:42:428  [TID 12244   ][DEBUG     ] ActiveRecord: Add "Model.Customer.TCustomer:" to the metadata cache [dmvcframework]
2024-02-17 00:37:42:433  [TID 12244   ][INFO      ] GET:/api/customers [0:0:0:0:0:0:0:1] -> controller.customer.TCustomerController.GetCustomers - 200 OK [dmvcframework]
2024-02-17 00:38:44:131  [TID 9064    ][INFO      ] Default Logger initialized [dmvcframework]
2024-02-17 00:38:44:131  [TID 9064    ][WARNING   ] dotEnv: Path = C:\Users\amanc\OneDrive\Documentos\Projetos Delphi\API MVC\Aula03\Project\Win32\Debug [dmvcframework]
2024-02-17 00:38:44:131  [TID 9064    ][WARNING   ] dotEnv: Active profile/s priority = [default,test,prod] [dmvcframework]
2024-02-17 00:38:44:131  [TID 9064    ][WARNING   ] dotEnv: Missed dotEnv file C:\Users\amanc\OneDrive\Documentos\Projetos Delphi\API MVC\Aula03\Project\Win32\Debug\.env [dmvcframework]
2024-02-17 00:38:44:131  [TID 9064    ][WARNING   ] dotEnv: Missed dotEnv file C:\Users\amanc\OneDrive\Documentos\Projetos Delphi\API MVC\Aula03\Project\Win32\Debug\.env.test [dmvcframework]
2024-02-17 00:38:44:131  [TID 9064    ][WARNING   ] dotEnv: Missed dotEnv file C:\Users\amanc\OneDrive\Documentos\Projetos Delphi\API MVC\Aula03\Project\Win32\Debug\.env.prod [dmvcframework]
2024-02-17 00:38:47:071  [TID 1012    ][INFO      ] ENTER: Config default values [dmvcframework]
2024-02-17 00:38:47:071  [TID 1012    ][INFO      ] EXIT: Config default values [dmvcframework]
2024-02-17 00:38:47:071  [TID 1012    ][INFO      ] >> Custom configuration method [dmvcframework]
2024-02-17 00:38:47:071  [TID 1012    ][INFO      ] << Custom configuration method [dmvcframework]
2024-02-17 00:38:47:071  [TID 1012    ][INFO      ] ENTER: LoadSystemControllers [dmvcframework]
2024-02-17 00:38:47:071  [TID 1012    ][INFO      ] EXIT: LoadSystemControllers [dmvcframework]
2024-02-17 00:38:47:073  [TID 1012    ][DEBUG     ] ActiveRecord: Add "Model.Customer.TCustomer:" to the metadata cache [dmvcframework]
2024-02-17 00:38:47:073  [TID 1012    ][INFO      ] GET:/api/customers [0:0:0:0:0:0:0:1] -> controller.customer.TCustomerController.GetCustomers - 200 OK [dmvcframework]
2024-02-17 00:38:49:712  [TID 1012    ][ERROR     ] [EListError] Duplicates not allowed [PathInfo "GET /api/customers"] (Custom message: "Cannot create controller") [dmvcframework]
2024-02-17 00:38:49:712  [TID 1012    ][ERROR     ] [EMVCException] Cannot create controller [PathInfo "GET /api/customers"] (Custom message: "") [dmvcframework]
2024-02-17 00:44:32:948  [TID 4672    ][INFO      ] Default Logger initialized [dmvcframework]
2024-02-17 00:44:32:948  [TID 4672    ][WARNING   ] dotEnv: Path = C:\Users\amanc\OneDrive\Documentos\Projetos Delphi\API MVC\Aula03\Project\Win32\Debug [dmvcframework]
2024-02-17 00:44:32:948  [TID 4672    ][WARNING   ] dotEnv: Active profile/s priority = [default,test,prod] [dmvcframework]
2024-02-17 00:44:32:948  [TID 4672    ][WARNING   ] dotEnv: Missed dotEnv file C:\Users\amanc\OneDrive\Documentos\Projetos Delphi\API MVC\Aula03\Project\Win32\Debug\.env [dmvcframework]
2024-02-17 00:44:32:948  [TID 4672    ][WARNING   ] dotEnv: Missed dotEnv file C:\Users\amanc\OneDrive\Documentos\Projetos Delphi\API MVC\Aula03\Project\Win32\Debug\.env.test [dmvcframework]
2024-02-17 00:44:32:948  [TID 4672    ][WARNING   ] dotEnv: Missed dotEnv file C:\Users\amanc\OneDrive\Documentos\Projetos Delphi\API MVC\Aula03\Project\Win32\Debug\.env.prod [dmvcframework]
2024-02-17 00:44:44:593  [TID 9644    ][INFO      ] ENTER: Config default values [dmvcframework]
2024-02-17 00:44:44:593  [TID 9644    ][INFO      ] EXIT: Config default values [dmvcframework]
2024-02-17 00:44:44:593  [TID 9644    ][INFO      ] >> Custom configuration method [dmvcframework]
2024-02-17 00:44:44:593  [TID 9644    ][INFO      ] << Custom configuration method [dmvcframework]
2024-02-17 00:44:44:593  [TID 9644    ][INFO      ] ENTER: LoadSystemControllers [dmvcframework]
2024-02-17 00:44:44:593  [TID 9644    ][INFO      ] EXIT: LoadSystemControllers [dmvcframework]
2024-02-17 00:44:44:602  [TID 9644    ][DEBUG     ] ActiveRecord: Add "Model.Customer.TCustomer:" to the metadata cache [dmvcframework]
2024-02-17 00:44:44:603  [TID 9644    ][INFO      ] GET:/api/customers [0:0:0:0:0:0:0:1] -> controller.customer.TCustomerController.GetCustomers - 200 OK [dmvcframework]
2024-02-17 00:45:34:997  [TID 5908    ][INFO      ] Default Logger initialized [dmvcframework]
2024-02-17 00:45:34:997  [TID 5908    ][WARNING   ] dotEnv: Path = C:\Users\amanc\OneDrive\Documentos\Projetos Delphi\API MVC\Aula03\Project\Win32\Debug [dmvcframework]
2024-02-17 00:45:34:997  [TID 5908    ][WARNING   ] dotEnv: Active profile/s priority = [default,test,prod] [dmvcframework]
2024-02-17 00:45:34:997  [TID 5908    ][WARNING   ] dotEnv: Missed dotEnv file C:\Users\amanc\OneDrive\Documentos\Projetos Delphi\API MVC\Aula03\Project\Win32\Debug\.env [dmvcframework]
2024-02-17 00:45:34:997  [TID 5908    ][WARNING   ] dotEnv: Missed dotEnv file C:\Users\amanc\OneDrive\Documentos\Projetos Delphi\API MVC\Aula03\Project\Win32\Debug\.env.test [dmvcframework]
2024-02-17 00:45:34:997  [TID 5908    ][WARNING   ] dotEnv: Missed dotEnv file C:\Users\amanc\OneDrive\Documentos\Projetos Delphi\API MVC\Aula03\Project\Win32\Debug\.env.prod [dmvcframework]
2024-02-17 00:45:49:564  [TID 11208   ][INFO      ] ENTER: Config default values [dmvcframework]
2024-02-17 00:45:49:564  [TID 11208   ][INFO      ] EXIT: Config default values [dmvcframework]
2024-02-17 00:45:49:564  [TID 11208   ][INFO      ] >> Custom configuration method [dmvcframework]
2024-02-17 00:45:49:564  [TID 11208   ][INFO      ] << Custom configuration method [dmvcframework]
2024-02-17 00:45:49:564  [TID 11208   ][INFO      ] ENTER: LoadSystemControllers [dmvcframework]
2024-02-17 00:45:49:564  [TID 11208   ][INFO      ] EXIT: LoadSystemControllers [dmvcframework]
2024-02-17 00:45:49:568  [TID 11208   ][DEBUG     ] ActiveRecord: Add "Model.Customer.TCustomer:" to the metadata cache [dmvcframework]
2024-02-17 00:45:49:568  [TID 11208   ][INFO      ] PUT:/api/customers/1 [0:0:0:0:0:0:0:1] -> controller.customer.TCustomerController.UpdateCustomer - 200 OK [dmvcframework]
2024-02-17 00:57:15:223  [TID 12916   ][INFO      ] Default Logger initialized [dmvcframework]
2024-02-17 00:57:15:223  [TID 12916   ][WARNING   ] dotEnv: Path = C:\Users\amanc\OneDrive\Documentos\Projetos Delphi\API MVC\Aula03\Project\Win32\Debug [dmvcframework]
2024-02-17 00:57:15:223  [TID 12916   ][WARNING   ] dotEnv: Active profile/s priority = [default,test,prod] [dmvcframework]
2024-02-17 00:57:15:223  [TID 12916   ][WARNING   ] dotEnv: Missed dotEnv file C:\Users\amanc\OneDrive\Documentos\Projetos Delphi\API MVC\Aula03\Project\Win32\Debug\.env [dmvcframework]
2024-02-17 00:57:15:223  [TID 12916   ][WARNING   ] dotEnv: Missed dotEnv file C:\Users\amanc\OneDrive\Documentos\Projetos Delphi\API MVC\Aula03\Project\Win32\Debug\.env.test [dmvcframework]
2024-02-17 00:57:15:223  [TID 12916   ][WARNING   ] dotEnv: Missed dotEnv file C:\Users\amanc\OneDrive\Documentos\Projetos Delphi\API MVC\Aula03\Project\Win32\Debug\.env.prod [dmvcframework]
2024-02-17 00:57:44:581  [TID 2452    ][INFO      ] Default Logger initialized [dmvcframework]
2024-02-17 00:57:44:581  [TID 2452    ][WARNING   ] dotEnv: Path = C:\Users\amanc\OneDrive\Documentos\Projetos Delphi\API MVC\Aula03\Project\Win32\Debug [dmvcframework]
2024-02-17 00:57:44:581  [TID 2452    ][WARNING   ] dotEnv: Active profile/s priority = [default,test,prod] [dmvcframework]
2024-02-17 00:57:44:581  [TID 2452    ][WARNING   ] dotEnv: Missed dotEnv file C:\Users\amanc\OneDrive\Documentos\Projetos Delphi\API MVC\Aula03\Project\Win32\Debug\.env [dmvcframework]
2024-02-17 00:57:44:581  [TID 2452    ][WARNING   ] dotEnv: Missed dotEnv file C:\Users\amanc\OneDrive\Documentos\Projetos Delphi\API MVC\Aula03\Project\Win32\Debug\.env.test [dmvcframework]
2024-02-17 00:57:44:581  [TID 2452    ][WARNING   ] dotEnv: Missed dotEnv file C:\Users\amanc\OneDrive\Documentos\Projetos Delphi\API MVC\Aula03\Project\Win32\Debug\.env.prod [dmvcframework]
2024-02-17 00:57:54:980  [TID 7568    ][INFO      ] ENTER: Config default values [dmvcframework]
2024-02-17 00:57:54:980  [TID 7568    ][INFO      ] EXIT: Config default values [dmvcframework]
2024-02-17 00:57:54:980  [TID 7568    ][INFO      ] >> Custom configuration method [dmvcframework]
2024-02-17 00:57:54:980  [TID 7568    ][INFO      ] << Custom configuration method [dmvcframework]
2024-02-17 00:57:54:980  [TID 7568    ][INFO      ] ENTER: LoadSystemControllers [dmvcframework]
2024-02-17 00:57:54:980  [TID 7568    ][INFO      ] EXIT: LoadSystemControllers [dmvcframework]
2024-02-17 00:57:54:987  [TID 7568    ][DEBUG     ] ActiveRecord: Add "Model.Customer.TCustomer:" to the metadata cache [dmvcframework]
2024-02-17 00:57:54:988  [TID 7568    ][INFO      ] DELETE:/api/customers/2 [0:0:0:0:0:0:0:1] -> controller.customer.TCustomerController.DeleteCustomer - 200 OK [dmvcframework]
2024-02-17 00:59:27:597  [TID 13012   ][INFO      ] Default Logger initialized [dmvcframework]
2024-02-17 00:59:27:597  [TID 13012   ][WARNING   ] dotEnv: Path = C:\Users\amanc\OneDrive\Documentos\Projetos Delphi\API MVC\Aula03\Project\Win32\Debug [dmvcframework]
2024-02-17 00:59:27:597  [TID 13012   ][WARNING   ] dotEnv: Active profile/s priority = [default,test,prod] [dmvcframework]
2024-02-17 00:59:27:597  [TID 13012   ][WARNING   ] dotEnv: Missed dotEnv file C:\Users\amanc\OneDrive\Documentos\Projetos Delphi\API MVC\Aula03\Project\Win32\Debug\.env [dmvcframework]
2024-02-17 00:59:27:597  [TID 13012   ][WARNING   ] dotEnv: Missed dotEnv file C:\Users\amanc\OneDrive\Documentos\Projetos Delphi\API MVC\Aula03\Project\Win32\Debug\.env.test [dmvcframework]
2024-02-17 00:59:27:597  [TID 13012   ][WARNING   ] dotEnv: Missed dotEnv file C:\Users\amanc\OneDrive\Documentos\Projetos Delphi\API MVC\Aula03\Project\Win32\Debug\.env.prod [dmvcframework]
2024-02-17 00:59:32:956  [TID 6208    ][INFO      ] ENTER: Config default values [dmvcframework]
2024-02-17 00:59:32:956  [TID 6208    ][INFO      ] EXIT: Config default values [dmvcframework]
2024-02-17 00:59:32:956  [TID 6208    ][INFO      ] >> Custom configuration method [dmvcframework]
2024-02-17 00:59:32:956  [TID 6208    ][INFO      ] << Custom configuration method [dmvcframework]
2024-02-17 00:59:32:956  [TID 6208    ][INFO      ] ENTER: LoadSystemControllers [dmvcframework]
2024-02-17 00:59:32:956  [TID 6208    ][INFO      ] EXIT: LoadSystemControllers [dmvcframework]
2024-02-17 00:59:32:956  [TID 6208    ][DEBUG     ] ActiveRecord: Add "Model.Customer.TCustomer:" to the metadata cache [dmvcframework]
2024-02-17 00:59:32:956  [TID 6208    ][INFO      ] GET:/api/customers [0:0:0:0:0:0:0:1] -> controller.customer.TCustomerController.GetCustomers - 200 OK [dmvcframework]
2024-02-17 01:03:28:832  [TID 9552    ][INFO      ] Default Logger initialized [dmvcframework]
2024-02-17 01:03:28:832  [TID 9552    ][WARNING   ] dotEnv: Path = C:\Users\amanc\OneDrive\Documentos\Projetos Delphi\API MVC\Aula03\Project\Win32\Debug [dmvcframework]
2024-02-17 01:03:28:832  [TID 9552    ][WARNING   ] dotEnv: Active profile/s priority = [default,test,prod] [dmvcframework]
2024-02-17 01:03:28:832  [TID 9552    ][WARNING   ] dotEnv: Missed dotEnv file C:\Users\amanc\OneDrive\Documentos\Projetos Delphi\API MVC\Aula03\Project\Win32\Debug\.env [dmvcframework]
2024-02-17 01:03:28:832  [TID 9552    ][WARNING   ] dotEnv: Missed dotEnv file C:\Users\amanc\OneDrive\Documentos\Projetos Delphi\API MVC\Aula03\Project\Win32\Debug\.env.test [dmvcframework]
2024-02-17 01:03:28:832  [TID 9552    ][WARNING   ] dotEnv: Missed dotEnv file C:\Users\amanc\OneDrive\Documentos\Projetos Delphi\API MVC\Aula03\Project\Win32\Debug\.env.prod [dmvcframework]
2024-02-17 01:03:34:195  [TID 2720    ][INFO      ] ENTER: Config default values [dmvcframework]
2024-02-17 01:03:34:195  [TID 2720    ][INFO      ] EXIT: Config default values [dmvcframework]
2024-02-17 01:03:34:195  [TID 2720    ][INFO      ] >> Custom configuration method [dmvcframework]
2024-02-17 01:03:34:195  [TID 2720    ][INFO      ] << Custom configuration method [dmvcframework]
2024-02-17 01:03:34:195  [TID 2720    ][INFO      ] ENTER: LoadSystemControllers [dmvcframework]
2024-02-17 01:03:34:195  [TID 2720    ][INFO      ] EXIT: LoadSystemControllers [dmvcframework]
2024-02-17 01:03:34:196  [TID 2720    ][DEBUG     ] ActiveRecord: Add "Model.Customer.TCustomer:" to the metadata cache [dmvcframework]
2024-02-17 01:03:34:200  [TID 2720    ][INFO      ] GET:/api/customers [0:0:0:0:0:0:0:1] -> controller.customer.TCustomerController.GetCustomers - 200 OK [dmvcframework]
2024-02-17 01:03:38:512  [TID 2720    ][ERROR     ] [EListError] Duplicates not allowed [PathInfo "GET /api/customers"] (Custom message: "Cannot create controller") [dmvcframework]
2024-02-17 01:03:38:512  [TID 2720    ][ERROR     ] [EMVCException] Cannot create controller [PathInfo "GET /api/customers"] (Custom message: "") [dmvcframework]
2024-02-17 01:03:52:822  [TID 13460   ][INFO      ] Default Logger initialized [dmvcframework]
2024-02-17 01:03:52:822  [TID 13460   ][WARNING   ] dotEnv: Path = C:\Users\amanc\OneDrive\Documentos\Projetos Delphi\API MVC\Aula03\Project\Win32\Debug [dmvcframework]
2024-02-17 01:03:52:822  [TID 13460   ][WARNING   ] dotEnv: Active profile/s priority = [default,test,prod] [dmvcframework]
2024-02-17 01:03:52:822  [TID 13460   ][WARNING   ] dotEnv: Missed dotEnv file C:\Users\amanc\OneDrive\Documentos\Projetos Delphi\API MVC\Aula03\Project\Win32\Debug\.env [dmvcframework]
2024-02-17 01:03:52:822  [TID 13460   ][WARNING   ] dotEnv: Missed dotEnv file C:\Users\amanc\OneDrive\Documentos\Projetos Delphi\API MVC\Aula03\Project\Win32\Debug\.env.test [dmvcframework]
2024-02-17 01:03:52:822  [TID 13460   ][WARNING   ] dotEnv: Missed dotEnv file C:\Users\amanc\OneDrive\Documentos\Projetos Delphi\API MVC\Aula03\Project\Win32\Debug\.env.prod [dmvcframework]
2024-02-17 01:03:57:676  [TID 9672    ][INFO      ] ENTER: Config default values [dmvcframework]
2024-02-17 01:03:57:676  [TID 9672    ][INFO      ] EXIT: Config default values [dmvcframework]
2024-02-17 01:03:57:676  [TID 9672    ][INFO      ] >> Custom configuration method [dmvcframework]
2024-02-17 01:03:57:676  [TID 9672    ][INFO      ] << Custom configuration method [dmvcframework]
2024-02-17 01:03:57:676  [TID 9672    ][INFO      ] ENTER: LoadSystemControllers [dmvcframework]
2024-02-17 01:03:57:676  [TID 9672    ][INFO      ] EXIT: LoadSystemControllers [dmvcframework]
2024-02-17 01:03:57:676  [TID 9672    ][DEBUG     ] ActiveRecord: Add "Model.Customer.TCustomer:" to the metadata cache [dmvcframework]
2024-02-17 01:03:57:676  [TID 9672    ][INFO      ] GET:/api/customers [0:0:0:0:0:0:0:1] -> controller.customer.TCustomerController.GetCustomers - 200 OK [dmvcframework]
2024-02-17 01:04:15:528  [TID 11180   ][INFO      ] Default Logger initialized [dmvcframework]
2024-02-17 01:04:15:528  [TID 11180   ][WARNING   ] dotEnv: Path = C:\Users\amanc\OneDrive\Documentos\Projetos Delphi\API MVC\Aula03\Project\Win32\Debug [dmvcframework]
2024-02-17 01:04:15:528  [TID 11180   ][WARNING   ] dotEnv: Active profile/s priority = [default,test,prod] [dmvcframework]
2024-02-17 01:04:15:528  [TID 11180   ][WARNING   ] dotEnv: Missed dotEnv file C:\Users\amanc\OneDrive\Documentos\Projetos Delphi\API MVC\Aula03\Project\Win32\Debug\.env [dmvcframework]
2024-02-17 01:04:15:528  [TID 11180   ][WARNING   ] dotEnv: Missed dotEnv file C:\Users\amanc\OneDrive\Documentos\Projetos Delphi\API MVC\Aula03\Project\Win32\Debug\.env.test [dmvcframework]
2024-02-17 01:04:15:528  [TID 11180   ][WARNING   ] dotEnv: Missed dotEnv file C:\Users\amanc\OneDrive\Documentos\Projetos Delphi\API MVC\Aula03\Project\Win32\Debug\.env.prod [dmvcframework]
2024-02-17 01:04:23:303  [TID 15616   ][INFO      ] ENTER: Config default values [dmvcframework]
2024-02-17 01:04:23:303  [TID 15616   ][INFO      ] EXIT: Config default values [dmvcframework]
2024-02-17 01:04:23:303  [TID 15616   ][INFO      ] >> Custom configuration method [dmvcframework]
2024-02-17 01:04:23:303  [TID 15616   ][INFO      ] << Custom configuration method [dmvcframework]
2024-02-17 01:04:23:303  [TID 15616   ][INFO      ] ENTER: LoadSystemControllers [dmvcframework]
2024-02-17 01:04:23:303  [TID 15616   ][INFO      ] EXIT: LoadSystemControllers [dmvcframework]
2024-02-17 01:04:23:307  [TID 15616   ][DEBUG     ] ActiveRecord: Add "Model.Customer.TCustomer:" to the metadata cache [dmvcframework]
2024-02-17 01:04:23:307  [TID 15616   ][INFO      ] GET:/api/customers/1 [0:0:0:0:0:0:0:1] -> controller.customer.TCustomerController.GetCustome - 200 OK [dmvcframework]
2024-02-17 01:04:40:019  [TID 15616   ][ERROR     ] [EListError] Duplicates not allowed [PathInfo "GET /api/customers/1"] (Custom message: "Cannot create controller") [dmvcframework]
2024-02-17 01:04:40:019  [TID 15616   ][ERROR     ] [EMVCException] Cannot create controller [PathInfo "GET /api/customers/1"] (Custom message: "") [dmvcframework]
2024-02-17 14:59:29:439  [TID 11768   ][INFO      ] Default Logger initialized [dmvcframework]
2024-02-17 14:59:29:439  [TID 11768   ][WARNING   ] dotEnv: Path = C:\Users\amanc\OneDrive\Documentos\Projetos Delphi\API MVC\Aula03\Project\Win32\Debug [dmvcframework]
2024-02-17 14:59:29:439  [TID 11768   ][WARNING   ] dotEnv: Active profile/s priority = [default,test,prod] [dmvcframework]
2024-02-17 14:59:29:439  [TID 11768   ][WARNING   ] dotEnv: Missed dotEnv file C:\Users\amanc\OneDrive\Documentos\Projetos Delphi\API MVC\Aula03\Project\Win32\Debug\.env [dmvcframework]
2024-02-17 14:59:29:439  [TID 11768   ][WARNING   ] dotEnv: Missed dotEnv file C:\Users\amanc\OneDrive\Documentos\Projetos Delphi\API MVC\Aula03\Project\Win32\Debug\.env.test [dmvcframework]
2024-02-17 14:59:29:439  [TID 11768   ][WARNING   ] dotEnv: Missed dotEnv file C:\Users\amanc\OneDrive\Documentos\Projetos Delphi\API MVC\Aula03\Project\Win32\Debug\.env.prod [dmvcframework]
2024-02-17 15:01:10:289  [TID 7976    ][INFO      ] ENTER: Config default values [dmvcframework]
2024-02-17 15:01:10:289  [TID 7976    ][INFO      ] EXIT: Config default values [dmvcframework]
2024-02-17 15:01:10:289  [TID 7976    ][INFO      ] >> Custom configuration method [dmvcframework]
2024-02-17 15:01:10:289  [TID 7976    ][INFO      ] << Custom configuration method [dmvcframework]
2024-02-17 15:01:10:289  [TID 7976    ][INFO      ] ENTER: LoadSystemControllers [dmvcframework]
2024-02-17 15:01:10:289  [TID 7976    ][INFO      ] EXIT: LoadSystemControllers [dmvcframework]
2024-02-17 15:01:10:297  [TID 7976    ][DEBUG     ] ActiveRecord: Add "Model.Customer.TCustomer:" to the metadata cache [dmvcframework]
2024-02-17 15:01:10:301  [TID 7976    ][INFO      ] GET:/api/customers/1 [0:0:0:0:0:0:0:1] -> controller.customer.TCustomerController.GetCustome - 200 OK [dmvcframework]
